app/build/intermediates/manifest_merge_blame_file/debug/manifest-merger-blame-debug-report.txt
1<?xml version="1.0" encoding="utf-8"?>
2<manifest xmlns:android="http://schemas.android.com/apk/res/android"
3    package="com.example.firebase.shule"
4    android:versionCode="1"
5    android:versionName="1.0" >
6
7    <uses-sdk
8        android:minSdkVersion="28"
8-->src\main\AndroidManifest.xml
9        android:targetSdkVersion="30" />
9-->src\main\AndroidManifest.xml
10
11    <uses-permission android:name="android.permission.ACCESS_NETWORK_STATE" />
11-->[com.firebaseui:firebase-ui-auth:6.2.0] AndroidManifest.xml:12:5-79
11-->[com.firebaseui:firebase-ui-auth:6.2.0] AndroidManifest.xml:12:22-76
12    <uses-permission android:name="android.permission.INTERNET" />
12-->[com.firebaseui:firebase-ui-auth:6.2.0] AndroidManifest.xml:13:5-67
12-->[com.firebaseui:firebase-ui-auth:6.2.0] AndroidManifest.xml:13:22-64
13    <uses-permission android:name="android.permission.WAKE_LOCK" />
13-->[com.google.android.gms:play-services-measurement:17.6.0] AndroidManifest.xml:25:5-68
13-->[com.google.android.gms:play-services-measurement:17.6.0] AndroidManifest.xml:25:22-65
14    <uses-permission android:name="com.google.android.finsky.permission.BIND_GET_INSTALL_REFERRER_SERVICE" />
14-->[com.google.android.gms:play-services-measurement:17.6.0] AndroidManifest.xml:26:5-110
14-->[com.google.android.gms:play-services-measurement:17.6.0] AndroidManifest.xml:26:22-107
15
16    <application
16-->src\main\AndroidManifest.xml:5:5-47:19
17        android:allowBackup="true"
17-->src\main\AndroidManifest.xml:6:9-35
18        android:appComponentFactory="androidx.core.app.CoreComponentFactory"
18-->[androidx.core:core:1.3.1] AndroidManifest.xml:24:18-86
19        android:debuggable="true"
20        android:extractNativeLibs="false"
21        android:icon="@mipmap/ic_launcher"
21-->src\main\AndroidManifest.xml:7:9-43
22        android:label="@string/app_name"
22-->src\main\AndroidManifest.xml:8:9-41
23        android:roundIcon="@mipmap/ic_launcher_round"
23-->src\main\AndroidManifest.xml:9:9-54
24        android:supportsRtl="true"
24-->src\main\AndroidManifest.xml:10:9-35
25        android:testOnly="true"
26        android:theme="@style/AppTheme" >
26-->src\main\AndroidManifest.xml:11:9-40
27        <activity android:name="com.example.firebase.shule.activity.SubjectActivity" >
27-->src\main\AndroidManifest.xml:12:9-15:20
27-->src\main\AndroidManifest.xml:12:19-59
28        </activity>
29        <activity
29-->src\main\AndroidManifest.xml:16:9-21:20
30            android:name="com.example.firebase.shule.activity.TopicActivity"
30-->src\main\AndroidManifest.xml:17:13-51
31            android:label="List" >
31-->src\main\AndroidManifest.xml:18:13-33
32        </activity>
33        <activity
33-->src\main\AndroidManifest.xml:22:9-27:20
34            android:name="com.example.firebase.shule.activity.ExamActivity"
34-->src\main\AndroidManifest.xml:23:13-50
35            android:label="@string/Insert_label" >
35-->src\main\AndroidManifest.xml:24:13-49
36        </activity>
37        <activity android:name="com.example.firebase.shule.activity.MainActivity" >
37-->src\main\AndroidManifest.xml:28:9-34:20
37-->src\main\AndroidManifest.xml:28:19-56
38            <intent-filter>
38-->src\main\AndroidManifest.xml:29:13-33:29
39                <action android:name="android.intent.action.MAIN" />
39-->src\main\AndroidManifest.xml:30:17-69
39-->src\main\AndroidManifest.xml:30:25-66
40
41                <category android:name="android.intent.category.LAUNCHER" />
41-->src\main\AndroidManifest.xml:32:17-77
41-->src\main\AndroidManifest.xml:32:27-74
42            </intent-filter>
43        </activity>
44        <!--
45     You don't need to include android:required="false" if your app's
46     minSdkVersion is 28 or higher.
47        -->
48        <uses-library
48-->src\main\AndroidManifest.xml:37:9-38:40
49            android:name="android.test.runner"
49-->src\main\AndroidManifest.xml:37:23-57
50            android:required="false" />
50-->src\main\AndroidManifest.xml:38:13-37
51        <!--
52             For both of these declarations, you don't need to include
53             android:required="false" if your app's minSdkVersion is 28
54             or higher.
55        -->
56        <uses-library
56-->src\main\AndroidManifest.xml:42:9-43:40
57            android:name="android.test.base"
57-->src\main\AndroidManifest.xml:42:23-55
58            android:required="false" />
58-->src\main\AndroidManifest.xml:43:13-37
59        <uses-library
59-->src\main\AndroidManifest.xml:44:9-45:40
60            android:name="android.test.mock"
60-->src\main\AndroidManifest.xml:44:23-55
61            android:required="false" />
61-->src\main\AndroidManifest.xml:45:13-37
62
63        <meta-data
63-->[com.firebaseui:firebase-ui-auth:6.2.0] AndroidManifest.xml:16:9-18:69
64            android:name="com.google.android.gms.version"
64-->[com.firebaseui:firebase-ui-auth:6.2.0] AndroidManifest.xml:17:13-58
65            android:value="@integer/google_play_services_version" />
65-->[com.firebaseui:firebase-ui-auth:6.2.0] AndroidManifest.xml:18:13-66
66        <meta-data
66-->[com.firebaseui:firebase-ui-auth:6.2.0] AndroidManifest.xml:19:9-21:63
67            android:name="com.facebook.sdk.ApplicationId"
67-->[com.firebaseui:firebase-ui-auth:6.2.0] AndroidManifest.xml:20:13-58
68            android:value="@string/facebook_application_id" />
68-->[com.firebaseui:firebase-ui-auth:6.2.0] AndroidManifest.xml:21:13-60
69
70        <activity
70-->[com.firebaseui:firebase-ui-auth:6.2.0] AndroidManifest.xml:23:9-27:61
71            android:name="com.firebase.ui.auth.KickoffActivity"
71-->[com.firebaseui:firebase-ui-auth:6.2.0] AndroidManifest.xml:24:13-64
72            android:exported="false"
72-->[com.firebaseui:firebase-ui-auth:6.2.0] AndroidManifest.xml:25:13-37
73            android:label=""
73-->[com.firebaseui:firebase-ui-auth:6.2.0] AndroidManifest.xml:26:13-29
74            android:theme="@style/FirebaseUI.Transparent" />
74-->[com.firebaseui:firebase-ui-auth:6.2.0] AndroidManifest.xml:27:13-58
75        <activity
75-->[com.firebaseui:firebase-ui-auth:6.2.0] AndroidManifest.xml:28:9-32:61
76            android:name="com.firebase.ui.auth.ui.idp.SingleSignInActivity"
76-->[com.firebaseui:firebase-ui-auth:6.2.0] AndroidManifest.xml:29:13-76
77            android:exported="false"
77-->[com.firebaseui:firebase-ui-auth:6.2.0] AndroidManifest.xml:30:13-37
78            android:label=""
78-->[com.firebaseui:firebase-ui-auth:6.2.0] AndroidManifest.xml:31:13-29
79            android:theme="@style/FirebaseUI.Transparent" />
79-->[com.firebaseui:firebase-ui-auth:6.2.0] AndroidManifest.xml:32:13-58
80        <activity
80-->[com.firebaseui:firebase-ui-auth:6.2.0] AndroidManifest.xml:33:9-37:61
81            android:name="com.firebase.ui.auth.ui.credentials.CredentialSaveActivity"
81-->[com.firebaseui:firebase-ui-auth:6.2.0] AndroidManifest.xml:34:13-86
82            android:exported="false"
82-->[com.firebaseui:firebase-ui-auth:6.2.0] AndroidManifest.xml:35:13-37
83            android:label=""
83-->[com.firebaseui:firebase-ui-auth:6.2.0] AndroidManifest.xml:36:13-29
84            android:theme="@style/FirebaseUI.Transparent" />
84-->[com.firebaseui:firebase-ui-auth:6.2.0] AndroidManifest.xml:37:13-58
85        <activity
85-->[com.firebaseui:firebase-ui-auth:6.2.0] AndroidManifest.xml:38:9-42:58
86            android:name="com.firebase.ui.auth.ui.email.RecoverPasswordActivity"
86-->[com.firebaseui:firebase-ui-auth:6.2.0] AndroidManifest.xml:39:13-81
87            android:exported="false"
87-->[com.firebaseui:firebase-ui-auth:6.2.0] AndroidManifest.xml:40:13-37
88            android:label="@string/fui_title_recover_password_activity"
88-->[com.firebaseui:firebase-ui-auth:6.2.0] AndroidManifest.xml:41:13-72
89            android:windowSoftInputMode="adjustResize" />
89-->[com.firebaseui:firebase-ui-auth:6.2.0] AndroidManifest.xml:42:13-55
90        <activity
90-->[com.firebaseui:firebase-ui-auth:6.2.0] AndroidManifest.xml:43:9-47:58
91            android:name="com.firebase.ui.auth.ui.email.EmailActivity"
91-->[com.firebaseui:firebase-ui-auth:6.2.0] AndroidManifest.xml:44:13-71
92            android:exported="false"
92-->[com.firebaseui:firebase-ui-auth:6.2.0] AndroidManifest.xml:45:13-37
93            android:label="@string/fui_sign_in_default"
93-->[com.firebaseui:firebase-ui-auth:6.2.0] AndroidManifest.xml:46:13-56
94            android:windowSoftInputMode="adjustResize" />
94-->[com.firebaseui:firebase-ui-auth:6.2.0] AndroidManifest.xml:47:13-55
95        <activity
95-->[com.firebaseui:firebase-ui-auth:6.2.0] AndroidManifest.xml:48:9-52:77
96            android:name="com.firebase.ui.auth.ui.phone.PhoneActivity"
96-->[com.firebaseui:firebase-ui-auth:6.2.0] AndroidManifest.xml:49:13-71
97            android:exported="false"
97-->[com.firebaseui:firebase-ui-auth:6.2.0] AndroidManifest.xml:50:13-37
98            android:label="@string/fui_sign_in_with_phone_number"
98-->[com.firebaseui:firebase-ui-auth:6.2.0] AndroidManifest.xml:51:13-66
99            android:windowSoftInputMode="adjustResize|stateAlwaysVisible" />
99-->[com.firebaseui:firebase-ui-auth:6.2.0] AndroidManifest.xml:52:13-74
100        <activity
100-->[com.firebaseui:firebase-ui-auth:6.2.0] AndroidManifest.xml:53:9-57:58
101            android:name="com.firebase.ui.auth.ui.idp.WelcomeBackIdpPrompt"
101-->[com.firebaseui:firebase-ui-auth:6.2.0] AndroidManifest.xml:54:13-76
102            android:exported="false"
102-->[com.firebaseui:firebase-ui-auth:6.2.0] AndroidManifest.xml:55:13-37
103            android:label="@string/fui_title_welcome_back_idp_prompt"
103-->[com.firebaseui:firebase-ui-auth:6.2.0] AndroidManifest.xml:56:13-70
104            android:windowSoftInputMode="adjustResize" />
104-->[com.firebaseui:firebase-ui-auth:6.2.0] AndroidManifest.xml:57:13-55
105        <activity
105-->[com.firebaseui:firebase-ui-auth:6.2.0] AndroidManifest.xml:58:9-62:58
106            android:name="com.firebase.ui.auth.ui.email.WelcomeBackPasswordPrompt"
106-->[com.firebaseui:firebase-ui-auth:6.2.0] AndroidManifest.xml:59:13-83
107            android:exported="false"
107-->[com.firebaseui:firebase-ui-auth:6.2.0] AndroidManifest.xml:60:13-37
108            android:label="@string/fui_title_welcome_back_password_prompt"
108-->[com.firebaseui:firebase-ui-auth:6.2.0] AndroidManifest.xml:61:13-75
109            android:windowSoftInputMode="adjustResize" />
109-->[com.firebaseui:firebase-ui-auth:6.2.0] AndroidManifest.xml:62:13-55
110        <activity
110-->[com.firebaseui:firebase-ui-auth:6.2.0] AndroidManifest.xml:63:9-67:58
111            android:name="com.firebase.ui.auth.ui.email.WelcomeBackEmailLinkPrompt"
111-->[com.firebaseui:firebase-ui-auth:6.2.0] AndroidManifest.xml:64:13-84
112            android:exported="false"
112-->[com.firebaseui:firebase-ui-auth:6.2.0] AndroidManifest.xml:65:13-37
113            android:label="@string/fui_title_welcome_back_password_prompt"
113-->[com.firebaseui:firebase-ui-auth:6.2.0] AndroidManifest.xml:66:13-75
114            android:windowSoftInputMode="adjustResize" />
114-->[com.firebaseui:firebase-ui-auth:6.2.0] AndroidManifest.xml:67:13-55
115        <activity
115-->[com.firebaseui:firebase-ui-auth:6.2.0] AndroidManifest.xml:68:9-73:58
116            android:name="com.firebase.ui.auth.ui.email.EmailLinkCatcherActivity"
116-->[com.firebaseui:firebase-ui-auth:6.2.0] AndroidManifest.xml:69:13-82
117            android:exported="false"
117-->[com.firebaseui:firebase-ui-auth:6.2.0] AndroidManifest.xml:70:13-37
118            android:label=""
118-->[com.firebaseui:firebase-ui-auth:6.2.0] AndroidManifest.xml:71:13-29
119            android:theme="@style/FirebaseUI.Transparent"
119-->[com.firebaseui:firebase-ui-auth:6.2.0] AndroidManifest.xml:72:13-58
120            android:windowSoftInputMode="adjustResize" />
120-->[com.firebaseui:firebase-ui-auth:6.2.0] AndroidManifest.xml:73:13-55
121        <activity
121-->[com.firebaseui:firebase-ui-auth:6.2.0] AndroidManifest.xml:74:9-78:58
122            android:name="com.firebase.ui.auth.ui.email.EmailLinkErrorRecoveryActivity"
122-->[com.firebaseui:firebase-ui-auth:6.2.0] AndroidManifest.xml:75:13-88
123            android:exported="false"
123-->[com.firebaseui:firebase-ui-auth:6.2.0] AndroidManifest.xml:76:13-37
124            android:label="@string/fui_sign_in_default"
124-->[com.firebaseui:firebase-ui-auth:6.2.0] AndroidManifest.xml:77:13-56
125            android:windowSoftInputMode="adjustResize" />
125-->[com.firebaseui:firebase-ui-auth:6.2.0] AndroidManifest.xml:78:13-55
126        <activity
126-->[com.firebaseui:firebase-ui-auth:6.2.0] AndroidManifest.xml:79:9-82:65
127            android:name="com.firebase.ui.auth.ui.idp.AuthMethodPickerActivity"
127-->[com.firebaseui:firebase-ui-auth:6.2.0] AndroidManifest.xml:80:13-80
128            android:exported="false"
128-->[com.firebaseui:firebase-ui-auth:6.2.0] AndroidManifest.xml:81:13-37
129            android:label="@string/fui_default_toolbar_title" />
129-->[com.firebaseui:firebase-ui-auth:6.2.0] AndroidManifest.xml:82:13-62
130        <activity
130-->[com.firebaseui:firebase-ui-auth:6.2.0] AndroidManifest.xml:83:9-87:48
131            android:name="com.facebook.FacebookActivity"
131-->[com.firebaseui:firebase-ui-auth:6.2.0] AndroidManifest.xml:84:13-57
132            android:configChanges="keyboard|keyboardHidden|screenLayout|screenSize|orientation"
132-->[com.firebaseui:firebase-ui-auth:6.2.0] AndroidManifest.xml:85:13-96
133            android:label="@string/app_name" />
133-->[com.firebaseui:firebase-ui-auth:6.2.0] AndroidManifest.xml:86:13-45
134        <activity
134-->[com.firebaseui:firebase-ui-auth:6.2.0] AndroidManifest.xml:88:9-100:20
135            android:name="com.facebook.CustomTabActivity"
135-->[com.firebaseui:firebase-ui-auth:6.2.0] AndroidManifest.xml:89:13-58
136            android:exported="true" >
136-->[com.firebaseui:firebase-ui-auth:6.2.0] AndroidManifest.xml:90:13-36
137            <intent-filter>
137-->[com.firebaseui:firebase-ui-auth:6.2.0] AndroidManifest.xml:92:13-99:29
138                <action android:name="android.intent.action.VIEW" />
138-->[com.firebaseui:firebase-ui-auth:6.2.0] AndroidManifest.xml:93:17-69
138-->[com.firebaseui:firebase-ui-auth:6.2.0] AndroidManifest.xml:93:25-66
139
140                <category android:name="android.intent.category.DEFAULT" />
140-->[com.firebaseui:firebase-ui-auth:6.2.0] AndroidManifest.xml:95:17-76
140-->[com.firebaseui:firebase-ui-auth:6.2.0] AndroidManifest.xml:95:27-73
141                <category android:name="android.intent.category.BROWSABLE" />
141-->[com.firebaseui:firebase-ui-auth:6.2.0] AndroidManifest.xml:96:17-78
141-->[com.firebaseui:firebase-ui-auth:6.2.0] AndroidManifest.xml:96:27-75
142
143                <data android:scheme="@string/facebook_login_protocol_scheme" />
143-->[com.firebaseui:firebase-ui-auth:6.2.0] AndroidManifest.xml:98:17-81
143-->[com.firebaseui:firebase-ui-auth:6.2.0] AndroidManifest.xml:98:23-78
144            </intent-filter>
145        </activity>
146
147        <provider
147-->[com.firebaseui:firebase-ui-auth:6.2.0] AndroidManifest.xml:102:9-106:38
148            android:name="com.firebase.ui.auth.data.client.AuthUiInitProvider"
148-->[com.firebaseui:firebase-ui-auth:6.2.0] AndroidManifest.xml:103:13-79
149            android:authorities="com.example.firebase.shule.authuiinitprovider"
149-->[com.firebaseui:firebase-ui-auth:6.2.0] AndroidManifest.xml:104:13-70
150            android:exported="false"
150-->[com.firebaseui:firebase-ui-auth:6.2.0] AndroidManifest.xml:105:13-37
151            android:initOrder="90" />
151-->[com.firebaseui:firebase-ui-auth:6.2.0] AndroidManifest.xml:106:13-35
152
153        <service
153-->[com.google.firebase:firebase-database:19.5.1] AndroidManifest.xml:29:9-35:19
154            android:name="com.google.firebase.components.ComponentDiscoveryService"
154-->[com.google.firebase:firebase-database:19.5.1] AndroidManifest.xml:30:13-84
155            android:directBootAware="true"
155-->[com.google.firebase:firebase-common:19.3.1] AndroidManifest.xml:35:13-43
156            android:exported="false" >
156-->[com.google.firebase:firebase-database:19.5.1] AndroidManifest.xml:31:13-37
157            <meta-data
157-->[com.google.firebase:firebase-database:19.5.1] AndroidManifest.xml:32:13-34:85
158                android:name="com.google.firebase.components:com.google.firebase.database.DatabaseRegistrar"
158-->[com.google.firebase:firebase-database:19.5.1] AndroidManifest.xml:33:17-109
159                android:value="com.google.firebase.components.ComponentRegistrar" />
159-->[com.google.firebase:firebase-database:19.5.1] AndroidManifest.xml:34:17-82
160            <meta-data
160-->[com.google.firebase:firebase-storage:19.2.0] AndroidManifest.xml:33:13-35:85
161                android:name="com.google.firebase.components:com.google.firebase.storage.StorageRegistrar"
161-->[com.google.firebase:firebase-storage:19.2.0] AndroidManifest.xml:34:17-107
162                android:value="com.google.firebase.components.ComponentRegistrar" />
162-->[com.google.firebase:firebase-storage:19.2.0] AndroidManifest.xml:35:17-82
163            <meta-data
163-->[com.google.firebase:firebase-auth:19.4.0] AndroidManifest.xml:36:13-38:85
164                android:name="com.google.firebase.components:com.google.firebase.auth.FirebaseAuthRegistrar"
164-->[com.google.firebase:firebase-auth:19.4.0] AndroidManifest.xml:37:17-109
165                android:value="com.google.firebase.components.ComponentRegistrar" />
165-->[com.google.firebase:firebase-auth:19.4.0] AndroidManifest.xml:38:17-82
166            <meta-data
166-->[com.google.android.gms:play-services-measurement-api:17.6.0] AndroidManifest.xml:30:13-32:85
167                android:name="com.google.firebase.components:com.google.firebase.analytics.connector.internal.AnalyticsConnectorRegistrar"
167-->[com.google.android.gms:play-services-measurement-api:17.6.0] AndroidManifest.xml:31:17-139
168                android:value="com.google.firebase.components.ComponentRegistrar" />
168-->[com.google.android.gms:play-services-measurement-api:17.6.0] AndroidManifest.xml:32:17-82
169            <meta-data
169-->[com.google.firebase:firebase-installations:16.3.2] AndroidManifest.xml:17:13-19:85
170                android:name="com.google.firebase.components:com.google.firebase.installations.FirebaseInstallationsRegistrar"
170-->[com.google.firebase:firebase-installations:16.3.2] AndroidManifest.xml:18:17-127
171                android:value="com.google.firebase.components.ComponentRegistrar" />
171-->[com.google.firebase:firebase-installations:16.3.2] AndroidManifest.xml:19:17-82
172        </service>
173
174        <activity
174-->[com.twitter.sdk.android:twitter-core:3.0.0] AndroidManifest.xml:28:9-32:40
175            android:name="com.twitter.sdk.android.core.identity.OAuthActivity"
175-->[com.twitter.sdk.android:twitter-core:3.0.0] AndroidManifest.xml:29:13-79
176            android:configChanges="orientation|screenSize"
176-->[com.twitter.sdk.android:twitter-core:3.0.0] AndroidManifest.xml:30:13-59
177            android:excludeFromRecents="true"
177-->[com.twitter.sdk.android:twitter-core:3.0.0] AndroidManifest.xml:31:13-46
178            android:exported="false" />
178-->[com.twitter.sdk.android:twitter-core:3.0.0] AndroidManifest.xml:32:13-37
179
180        <provider
180-->[com.squareup.picasso:picasso:2.71828] AndroidManifest.xml:8:9-11:40
181            android:name="com.squareup.picasso.PicassoProvider"
181-->[com.squareup.picasso:picasso:2.71828] AndroidManifest.xml:9:13-64
182            android:authorities="com.example.firebase.shule.com.squareup.picasso"
182-->[com.squareup.picasso:picasso:2.71828] AndroidManifest.xml:10:13-72
183            android:exported="false" />
183-->[com.squareup.picasso:picasso:2.71828] AndroidManifest.xml:11:13-37
184
185        <activity
185-->[com.google.firebase:firebase-auth:19.4.0] AndroidManifest.xml:24:9-31:50
186            android:name="com.google.firebase.auth.internal.FederatedSignInActivity"
186-->[com.google.firebase:firebase-auth:19.4.0] AndroidManifest.xml:25:13-85
187            android:excludeFromRecents="true"
187-->[com.google.firebase:firebase-auth:19.4.0] AndroidManifest.xml:26:13-46
188            android:exported="true"
188-->[com.google.firebase:firebase-auth:19.4.0] AndroidManifest.xml:27:13-36
189            android:launchMode="singleTask"
189-->[com.google.firebase:firebase-auth:19.4.0] AndroidManifest.xml:28:13-44
190            android:permission="com.google.firebase.auth.api.gms.permission.LAUNCH_FEDERATED_SIGN_IN"
190-->[com.google.firebase:firebase-auth:19.4.0] AndroidManifest.xml:29:13-102
191            android:theme="@android:style/Theme.Translucent.NoTitleBar" />
191-->[com.google.firebase:firebase-auth:19.4.0] AndroidManifest.xml:30:13-72
192
193        <receiver
193-->[com.google.android.gms:play-services-measurement:17.6.0] AndroidManifest.xml:29:9-33:20
194            android:name="com.google.android.gms.measurement.AppMeasurementReceiver"
194-->[com.google.android.gms:play-services-measurement:17.6.0] AndroidManifest.xml:30:13-85
195            android:enabled="true"
195-->[com.google.android.gms:play-services-measurement:17.6.0] AndroidManifest.xml:31:13-35
196            android:exported="false" >
196-->[com.google.android.gms:play-services-measurement:17.6.0] AndroidManifest.xml:32:13-37
197        </receiver>
198
199        <service
199-->[com.google.android.gms:play-services-measurement:17.6.0] AndroidManifest.xml:35:9-38:40
200            android:name="com.google.android.gms.measurement.AppMeasurementService"
200-->[com.google.android.gms:play-services-measurement:17.6.0] AndroidManifest.xml:36:13-84
201            android:enabled="true"
201-->[com.google.android.gms:play-services-measurement:17.6.0] AndroidManifest.xml:37:13-35
202            android:exported="false" />
202-->[com.google.android.gms:play-services-measurement:17.6.0] AndroidManifest.xml:38:13-37
203        <service
203-->[com.google.android.gms:play-services-measurement:17.6.0] AndroidManifest.xml:39:9-43:72
204            android:name="com.google.android.gms.measurement.AppMeasurementJobService"
204-->[com.google.android.gms:play-services-measurement:17.6.0] AndroidManifest.xml:40:13-87
205            android:enabled="true"
205-->[com.google.android.gms:play-services-measurement:17.6.0] AndroidManifest.xml:41:13-35
206            android:exported="false"
206-->[com.google.android.gms:play-services-measurement:17.6.0] AndroidManifest.xml:42:13-37
207            android:permission="android.permission.BIND_JOB_SERVICE" />
207-->[com.google.android.gms:play-services-measurement:17.6.0] AndroidManifest.xml:43:13-69
208
209        <provider
209-->[com.google.firebase:firebase-common:19.3.1] AndroidManifest.xml:26:9-31:39
210            android:name="com.google.firebase.provider.FirebaseInitProvider"
210-->[com.google.firebase:firebase-common:19.3.1] AndroidManifest.xml:27:13-77
211            android:authorities="com.example.firebase.shule.firebaseinitprovider"
211-->[com.google.firebase:firebase-common:19.3.1] AndroidManifest.xml:28:13-72
212            android:directBootAware="true"
212-->[com.google.firebase:firebase-common:19.3.1] AndroidManifest.xml:29:13-43
213            android:exported="false"
213-->[com.google.firebase:firebase-common:19.3.1] AndroidManifest.xml:30:13-37
214            android:initOrder="100" />
214-->[com.google.firebase:firebase-common:19.3.1] AndroidManifest.xml:31:13-36
215
216        <activity
216-->[com.google.android.gms:play-services-auth:17.0.0] AndroidManifest.xml:23:9-27:75
217            android:name="com.google.android.gms.auth.api.signin.internal.SignInHubActivity"
217-->[com.google.android.gms:play-services-auth:17.0.0] AndroidManifest.xml:24:13-93
218            android:excludeFromRecents="true"
218-->[com.google.android.gms:play-services-auth:17.0.0] AndroidManifest.xml:25:13-46
219            android:exported="false"
219-->[com.google.android.gms:play-services-auth:17.0.0] AndroidManifest.xml:26:13-37
220            android:theme="@android:style/Theme.Translucent.NoTitleBar" />
220-->[com.google.android.gms:play-services-auth:17.0.0] AndroidManifest.xml:27:13-72
221        <!--
222            Service handling Google Sign-In user revocation. For apps that do not integrate with
223            Google Sign-In, this service will never be started.
224        -->
225        <service
225-->[com.google.android.gms:play-services-auth:17.0.0] AndroidManifest.xml:33:9-36:110
226            android:name="com.google.android.gms.auth.api.signin.RevocationBoundService"
226-->[com.google.android.gms:play-services-auth:17.0.0] AndroidManifest.xml:34:13-89
227            android:exported="true"
227-->[com.google.android.gms:play-services-auth:17.0.0] AndroidManifest.xml:35:13-36
228            android:permission="com.google.android.gms.auth.api.signin.permission.REVOCATION_NOTIFICATION" />
228-->[com.google.android.gms:play-services-auth:17.0.0] AndroidManifest.xml:36:13-107
229
230        <activity
230-->[com.google.android.gms:play-services-base:17.1.0] AndroidManifest.xml:23:9-26:75
231            android:name="com.google.android.gms.common.api.GoogleApiActivity"
231-->[com.google.android.gms:play-services-base:17.1.0] AndroidManifest.xml:24:13-79
232            android:exported="false"
232-->[com.google.android.gms:play-services-base:17.1.0] AndroidManifest.xml:25:13-37
233            android:theme="@android:style/Theme.Translucent.NoTitleBar" />
233-->[com.google.android.gms:play-services-base:17.1.0] AndroidManifest.xml:26:13-72
234
235        <provider
235-->[androidx.lifecycle:lifecycle-process:2.1.0] AndroidManifest.xml:23:9-27:43
236            android:name="androidx.lifecycle.ProcessLifecycleOwnerInitializer"
236-->[androidx.lifecycle:lifecycle-process:2.1.0] AndroidManifest.xml:24:13-79
237            android:authorities="com.example.firebase.shule.lifecycle-process"
237-->[androidx.lifecycle:lifecycle-process:2.1.0] AndroidManifest.xml:25:13-69
238            android:exported="false"
238-->[androidx.lifecycle:lifecycle-process:2.1.0] AndroidManifest.xml:26:13-37
239            android:multiprocess="true" />
239-->[androidx.lifecycle:lifecycle-process:2.1.0] AndroidManifest.xml:27:13-40
240    </application>
241
242</manifest>